<?xml version="1.0" encoding="UTF-8"?>
<!-- Generated by org.testng.reporters.JUnitReportReporter -->
<testsuite hostname="HUSSEIN" failures="0" tests="2" name="workingwithelements.WoorkingWithConfirmAlert" time="4.324" errors="0" timestamp="2023-11-25T19:49:23 EET" skipped="0">
  <testcase classname="workingwithelements.WoorkingWithConfirmAlert" name="testPromptConfirmAlert" time="2.187"/>
  <testcase classname="workingwithelements.WoorkingWithConfirmAlert" name="testPromptDismissAlert" time="2.137"/>
</testsuite> <!-- workingwithelements.WoorkingWithConfirmAlert -->
