<?xml version="1.0" encoding="UTF-8"?>
<!-- Generated by org.testng.reporters.JUnitReportReporter -->
<testsuite hostname="HUSSEIN" failures="0" tests="1" name="workingwithelements.TestMultipleWindows" time="3.673" errors="0" timestamp="2023-10-24T21:45:58 EET" skipped="0">
  <testcase classname="workingwithelements.TestMultipleWindows" name="testWindowUsingName" time="3.673"/>
</testsuite> <!-- workingwithelements.TestMultipleWindows -->
