<?xml version="1.0" encoding="UTF-8"?>
<!-- Generated by org.testng.reporters.JUnitReportReporter -->
<testsuite hostname="HUSSEIN" failures="0" tests="1" name="findingElements.FindElementByCSSSelector" time="0.075" errors="0" timestamp="2023-10-21T11:15:38 EET" skipped="0">
  <testcase classname="findingElements.FindElementByCSSSelector" name="findElementByCSSselector" time="0.075"/>
</testsuite> <!-- findingElements.FindElementByCSSSelector -->
