<?xml version="1.0" encoding="UTF-8"?>
<!-- Generated by org.testng.reporters.JUnitReportReporter -->
<testsuite hostname="HUSSEIN" failures="0" tests="1" name="workingwithelements.WorkingWithPromptAlert" time="2.214" errors="0" timestamp="2023-10-23T22:53:18 EET" skipped="0">
  <testcase classname="workingwithelements.WorkingWithPromptAlert" name="testPromptAlert" time="2.214"/>
</testsuite> <!-- workingwithelements.WorkingWithPromptAlert -->
