<?xml version="1.0" encoding="UTF-8"?>
<!-- Generated by org.testng.reporters.JUnitReportReporter -->
<testsuite hostname="HUSSEIN" failures="0" tests="1" name="workingwithelements.DragAndDropActions" time="1.428" errors="0" timestamp="2023-10-23T20:43:11 EET" skipped="0">
  <testcase classname="workingwithelements.DragAndDropActions" name="testDragAndDrop" time="1.428"/>
</testsuite> <!-- workingwithelements.DragAndDropActions -->
