<?xml version="1.0" encoding="UTF-8"?>
<!-- Generated by org.testng.reporters.JUnitReportReporter -->
<testsuite hostname="HUSSEIN" failures="0" tests="1" name="workingwithelements.WorkingWithCheckBoxes" time="2.177" errors="0" timestamp="2023-10-21T20:42:48 EET" skipped="0">
  <testcase classname="workingwithelements.WorkingWithCheckBoxes" name="testCheckbox" time="2.177"/>
</testsuite> <!-- workingwithelements.WorkingWithCheckBoxes -->
