<?xml version="1.0" encoding="UTF-8"?>
<!-- Generated by org.testng.reporters.JUnitReportReporter -->
<testsuite hostname="HUSSEIN" failures="0" tests="1" name="findingElements.FindElementByName" time="0.068" errors="0" timestamp="2023-10-20T22:16:26 EET" skipped="0">
  <testcase classname="findingElements.FindElementByName" name="findEleByName" time="0.068"/>
</testsuite> <!-- findingElements.FindElementByName -->
