<?xml version="1.0" encoding="UTF-8"?>
<!-- Generated by org.testng.reporters.JUnitReportReporter -->
<testsuite hostname="HUSSEIN" failures="0" tests="1" name="findingElements.FindElementByTagName" time="0.600" errors="0" timestamp="2023-10-21T11:15:06 EET" skipped="0">
  <testcase classname="findingElements.FindElementByTagName" name="findEleByClass" time="0.600"/>
</testsuite> <!-- findingElements.FindElementByTagName -->
