<?xml version="1.0" encoding="UTF-8"?>
<!-- Generated by org.testng.reporters.JUnitReportReporter -->
<testsuite hostname="HUSSEIN" failures="0" tests="2" name="findingElements.FindElementByXPath" time="0.188" errors="0" timestamp="2023-10-21T12:44:34 EET" skipped="0">
  <testcase classname="findingElements.FindElementByXPath" name="findEleByRelativeXpath" time="0.115"/>
  <testcase classname="findingElements.FindElementByXPath" name="findEleByXpath" time="0.073"/>
</testsuite> <!-- findingElements.FindElementByXPath -->
