<?xml version="1.0" encoding="UTF-8"?>
<!-- Generated by org.testng.reporters.JUnitReportReporter -->
<testsuite hostname="HUSSEIN" failures="0" tests="1" name="workingwithelements.DoubleClickWithActions" time="1.218" errors="0" timestamp="2023-11-25T19:48:51 EET" skipped="0">
  <testcase classname="workingwithelements.DoubleClickWithActions" name="DoubleClickTest" time="1.218"/>
</testsuite> <!-- workingwithelements.DoubleClickWithActions -->
