<?xml version="1.0" encoding="UTF-8"?>
<!-- Generated by org.testng.reporters.JUnitReportReporter -->
<testsuite hostname="HUSSEIN" failures="0" tests="2" name="findingElements.FindLinksByLinkText" time="0.126" errors="0" timestamp="2023-10-21T11:56:21 EET" skipped="0">
  <testcase classname="findingElements.FindLinksByLinkText" name="findLinksByPartialLinktxt" time="0.059"/>
  <testcase classname="findingElements.FindLinksByLinkText" name="findLinksBylinkTxt" time="0.067"/>
</testsuite> <!-- findingElements.FindLinksByLinkText -->
