<?xml version="1.0" encoding="UTF-8"?>
<!-- Generated by org.testng.reporters.JUnitReportReporter -->
<testsuite hostname="HUSSEIN" failures="0" tests="1" name="workingwithelements.WorkingWithJavaScriptAlert" time="2.146" errors="0" timestamp="2023-10-23T22:23:20 EET" skipped="0">
  <testcase classname="workingwithelements.WorkingWithJavaScriptAlert" name="testAlert" time="2.146"/>
</testsuite> <!-- workingwithelements.WorkingWithJavaScriptAlert -->
