<?xml version="1.0" encoding="UTF-8"?>
<!-- Generated by org.testng.reporters.JUnitReportReporter -->
<testsuite hostname="HUSSEIN" failures="0" tests="1" name="workingwithelements.WorkingWithTextBoxAndButton" time="0.854" errors="0" timestamp="2023-10-21T16:26:03 EET" skipped="0">
  <testcase classname="workingwithelements.WorkingWithTextBoxAndButton" name="loginscreen" time="0.854"/>
</testsuite> <!-- workingwithelements.WorkingWithTextBoxAndButton -->
