<?xml version="1.0" encoding="UTF-8"?>
<!-- Generated by org.testng.reporters.JUnitReportReporter -->
<testsuite hostname="HUSSEIN" failures="0" tests="1" name="workingwithelements.TextContextMenu" time="2.313" errors="0" timestamp="2023-11-15T21:22:44 EET" skipped="0">
  <testcase classname="workingwithelements.TextContextMenu" name="testContextMenu" time="2.313"/>
</testsuite> <!-- workingwithelements.TextContextMenu -->
