<?xml version="1.0" encoding="UTF-8"?>
<!-- Generated by org.testng.reporters.JUnitReportReporter -->
<testsuite hostname="HUSSEIN" failures="0" tests="1" name="findingElements.TestBrowserCommand" time="1.096" errors="0" timestamp="2023-10-21T15:24:31 EET" skipped="0">
  <testcase classname="findingElements.TestBrowserCommand" name="BrowserCommand" time="1.096"/>
</testsuite> <!-- findingElements.TestBrowserCommand -->
