<?xml version="1.0" encoding="UTF-8"?>
<!-- Generated by org.testng.reporters.JUnitReportReporter -->
<testsuite hostname="HUSSEIN" failures="0" tests="1" name="workingwithelements.TestClickandHold" time="2.193" errors="0" timestamp="2023-11-15T20:56:28 EET" skipped="0">
  <testcase classname="workingwithelements.TestClickandHold" name="moveEle" time="2.193"/>
</testsuite> <!-- workingwithelements.TestClickandHold -->
