<?xml version="1.0" encoding="UTF-8"?>
<!-- Generated by org.testng.reporters.JUnitReportReporter -->
<testsuite hostname="HUSSEIN" failures="0" tests="1" name="workingwithelements.WorkingWithDropDownList" time="8.567" errors="0" timestamp="2023-10-21T19:13:02 EET" skipped="0">
  <testcase classname="workingwithelements.WorkingWithDropDownList" name="testdropdownList" time="8.567"/>
</testsuite> <!-- workingwithelements.WorkingWithDropDownList -->
