<?xml version="1.0" encoding="UTF-8"?>
<!-- Generated by org.testng.reporters.JUnitReportReporter -->
<testsuite hostname="HUSSEIN" failures="0" tests="1" name="findingElements.FindElemntTableByTagName" time="0.064" errors="0" timestamp="2023-10-20T22:52:57 EET" skipped="0">
  <testcase classname="findingElements.FindElemntTableByTagName" name="findEleTableByTagName" time="0.064"/>
</testsuite> <!-- findingElements.FindElemntTableByTagName -->
