<?xml version="1.0" encoding="UTF-8"?>
<!-- Generated by org.testng.reporters.JUnitReportReporter -->
<testsuite hostname="HUSSEIN" failures="0" tests="1" name="workingwithelements.WorkingWithSubmitMethod" time="3.886" errors="0" timestamp="2023-10-21T19:04:43 EET" skipped="0">
  <testcase classname="workingwithelements.WorkingWithSubmitMethod" name="testSubmit" time="3.886"/>
</testsuite> <!-- workingwithelements.WorkingWithSubmitMethod -->
