<?xml version="1.0" encoding="UTF-8"?>
<!-- Generated by org.testng.reporters.JUnitReportReporter -->
<testsuite hostname="HUSSEIN" failures="0" tests="1" name="findingElements.FindByElements" time="0.715" errors="0" timestamp="2023-10-21T11:16:12 EET" skipped="0">
  <testcase classname="findingElements.FindByElements" name="testFindElements" time="0.715"/>
</testsuite> <!-- findingElements.FindByElements -->
