<?xml version="1.0" encoding="UTF-8"?>
<!-- Generated by org.testng.reporters.JUnitReportReporter -->
<testsuite hostname="HUSSEIN" failures="0" tests="1" name="workingwithelements.TestExpicitWait" time="5.640" errors="0" timestamp="2023-11-12T22:54:39 EET" skipped="0">
  <testcase classname="workingwithelements.TestExpicitWait" name="testExplicitWait" time="5.640"/>
</testsuite> <!-- workingwithelements.TestExpicitWait -->
