<?xml version="1.0" encoding="UTF-8"?>
<!-- Generated by org.testng.reporters.JUnitReportReporter -->
<testsuite hostname="HUSSEIN" failures="0" tests="1" name="workingwithelements.TestFrames" time="0.251" errors="0" timestamp="2023-11-12T23:58:38 EET" skipped="0">
  <testcase classname="workingwithelements.TestFrames" name="TestFramesWithIDorName" time="0.251"/>
</testsuite> <!-- workingwithelements.TestFrames -->
