<?xml version="1.0" encoding="UTF-8"?>
<!-- Generated by org.testng.reporters.JUnitReportReporter -->
<testsuite hostname="HUSSEIN" failures="0" tests="1" name="findingElements.FindElementByClass" time="0.101" errors="0" timestamp="2023-10-20T22:23:59 EET" skipped="0">
  <testcase classname="findingElements.FindElementByClass" name="findEleByClass" time="0.101"/>
</testsuite> <!-- findingElements.FindElementByClass -->
