<?xml version="1.0" encoding="UTF-8"?>
<!-- Generated by org.testng.reporters.JUnitReportReporter -->
<testsuite hostname="HUSSEIN" failures="0" tests="1" name="findingElements.FindingElementByID" time="0.071" errors="0" timestamp="2023-10-20T21:32:14 EET" skipped="0">
  <testcase classname="findingElements.FindingElementByID" name="findEleByID" time="0.071"/>
</testsuite> <!-- findingElements.FindingElementByID -->
